<?xml version="1.0" encoding="UTF-8"?>
<!-- Generated by org.testng.reporters.JUnitReportReporter -->
<testsuite hostname="LAPTOP-8TP6OQIJ" failures="0" tests="2" name="testcases.VerifyLogin" time="16.430" errors="0" timestamp="2022-04-01T09:31:37 IST" skipped="0">
  <testcase classname="testcases.VerifyLogin" name="enterCredentials" time="10.210"/>
  <system-out/>
  <testcase classname="testcases.VerifyLogin" name="enterCredentials" time="6.220"/>
  <system-out/>
</testsuite> <!-- testcases.VerifyLogin -->
